2025-08-22 16:05:28,193 - __main__ - INFO - BeeClimateAnalyzer inicializado
2025-08-22 16:05:28,193 - __main__ - INFO - Iniciando análise completa...
2025-08-22 16:05:28,193 - __main__ - INFO - Iniciando carregamento de dados...
2025-08-22 16:05:28,194 - __main__ - INFO - Dados simulados gerados para demonstração
2025-08-22 16:05:28,194 - __main__ - INFO - Iniciando preprocessamento dos dados...
2025-08-22 16:05:28,203 - __main__ - INFO - Preprocessamento concluído
2025-08-22 16:05:28,204 - __main__ - INFO - Dados carregados: 120 registros
2025-08-22 16:05:28,204 - __main__ - INFO - Iniciando análise de padrões temporais...
2025-08-22 16:05:28,208 - __main__ - INFO - Análise temporal concluída
2025-08-22 16:05:28,208 - __main__ - INFO - Iniciando análise de correlações...
2025-08-22 16:05:28,214 - __main__ - INFO - Análise de correlações concluída
2025-08-22 16:05:28,214 - __main__ - INFO - Iniciando análise de padrões geográficos...
2025-08-22 16:05:28,217 - __main__ - INFO - Análise geográfica concluída
2025-08-22 16:05:28,217 - __main__ - INFO - Gerando relatório resumo...
2025-08-22 16:05:28,217 - __main__ - INFO - Relatório salvo em: /Users/diegogo/Documents/Analises/Bees/results/analysis_summary_report.txt
2025-08-22 16:05:28,217 - __main__ - INFO - Salvando resultados da análise...
2025-08-22 16:05:28,221 - __main__ - INFO - Resultados salvos com sucesso
2025-08-22 16:05:28,221 - __main__ - INFO - Análise completa finalizada
2025-08-22 16:05:40,252 - __main__ - INFO - BeeMigrationPredictor inicializado
2025-08-22 16:05:40,252 - __main__ - INFO - Iniciando pipeline completo de ML...
2025-08-22 16:05:40,252 - __main__ - INFO - Carregando e preparando dados para ML...
2025-08-22 16:05:40,253 - bee_analysis - INFO - BeeClimateAnalyzer inicializado
2025-08-22 16:05:40,253 - bee_analysis - INFO - Iniciando carregamento de dados...
2025-08-22 16:05:40,254 - bee_analysis - INFO - Dados simulados gerados para demonstração
2025-08-22 16:05:40,254 - bee_analysis - INFO - Iniciando preprocessamento dos dados...
2025-08-22 16:05:40,262 - bee_analysis - INFO - Preprocessamento concluído
2025-08-22 16:05:40,262 - bee_analysis - INFO - Dados carregados: 120 registros
2025-08-22 16:05:40,262 - __main__ - INFO - Realizando engenharia de features...
2025-08-22 16:05:40,267 - __main__ - INFO - Dados preparados: 120 registros, 33 features
2025-08-22 16:05:40,267 - __main__ - INFO - Preparando dados ML para target: bee_abundance
2025-08-22 16:05:40,267 - __main__ - INFO - Dados ML preparados: 120 amostras, 21 features
2025-08-22 16:05:40,268 - __main__ - INFO - Dados divididos - Treino: 84, Validação: 18, Teste: 18
2025-08-22 16:05:40,268 - __main__ - INFO - Modelos inicializados: ['Linear Regression', 'Random Forest', 'Gradient Boosting', 'SVR']
2025-08-22 16:05:40,268 - __main__ - INFO - Iniciando treinamento dos modelos...
2025-08-22 16:05:40,268 - __main__ - INFO - Treinando Linear Regression...
2025-08-22 16:05:40,274 - __main__ - INFO - Treinando Random Forest...
2025-08-22 16:05:43,127 - __main__ - INFO - Random Forest - Melhores parâmetros: {'max_depth': 10, 'min_samples_split': 2, 'n_estimators': 300}
2025-08-22 16:05:43,127 - __main__ - INFO - Treinando Gradient Boosting...
2025-08-22 16:05:43,574 - __main__ - INFO - Gradient Boosting - Melhores parâmetros: {'learning_rate': 0.1, 'max_depth': 3, 'n_estimators': 200}
2025-08-22 16:05:43,574 - __main__ - INFO - Treinando SVR...
2025-08-22 16:05:43,604 - __main__ - INFO - SVR - Melhores parâmetros: {'C': 1, 'gamma': 'scale', 'kernel': 'linear'}
2025-08-22 16:05:43,604 - __main__ - INFO - Treinamento concluído
2025-08-22 16:05:43,604 - __main__ - INFO - Avaliando performance dos modelos...
2025-08-22 16:05:43,605 - __main__ - INFO - Linear Regression - Test R²: 0.997, Test RMSE: 0.742
2025-08-22 16:05:43,646 - __main__ - INFO - Random Forest - Test R²: 0.850, Test RMSE: 4.937
2025-08-22 16:05:43,648 - __main__ - INFO - Gradient Boosting - Test R²: 0.892, Test RMSE: 4.183
2025-08-22 16:05:43,649 - __main__ - INFO - SVR - Test R²: 0.995, Test RMSE: 0.882
2025-08-22 16:05:43,649 - __main__ - INFO - Analisando importância das features...
2025-08-22 16:06:16,877 - __main__ - INFO - BeeMigrationPredictor inicializado
2025-08-22 16:06:16,877 - __main__ - INFO - Iniciando pipeline completo de ML...
2025-08-22 16:06:16,877 - __main__ - INFO - Carregando e preparando dados para ML...
2025-08-22 16:06:16,878 - bee_analysis - INFO - BeeClimateAnalyzer inicializado
2025-08-22 16:06:16,878 - bee_analysis - INFO - Iniciando carregamento de dados...
2025-08-22 16:06:16,878 - bee_analysis - INFO - Dados simulados gerados para demonstração
2025-08-22 16:06:16,878 - bee_analysis - INFO - Iniciando preprocessamento dos dados...
2025-08-22 16:06:16,886 - bee_analysis - INFO - Preprocessamento concluído
2025-08-22 16:06:16,887 - bee_analysis - INFO - Dados carregados: 120 registros
2025-08-22 16:06:16,887 - __main__ - INFO - Realizando engenharia de features...
2025-08-22 16:06:16,891 - __main__ - INFO - Dados preparados: 120 registros, 33 features
2025-08-22 16:06:16,891 - __main__ - INFO - Preparando dados ML para target: bee_abundance
2025-08-22 16:06:16,891 - __main__ - INFO - Dados ML preparados: 120 amostras, 21 features
2025-08-22 16:06:16,892 - __main__ - INFO - Dados divididos - Treino: 84, Validação: 18, Teste: 18
2025-08-22 16:06:16,892 - __main__ - INFO - Modelos inicializados: ['Linear Regression', 'Random Forest', 'Gradient Boosting', 'SVR']
2025-08-22 16:06:16,892 - __main__ - INFO - Iniciando treinamento dos modelos...
2025-08-22 16:06:16,892 - __main__ - INFO - Treinando Linear Regression...
2025-08-22 16:06:16,892 - __main__ - INFO - Treinando Random Forest...
2025-08-22 16:06:19,720 - __main__ - INFO - Random Forest - Melhores parâmetros: {'max_depth': 10, 'min_samples_split': 2, 'n_estimators': 300}
2025-08-22 16:06:19,720 - __main__ - INFO - Treinando Gradient Boosting...
2025-08-22 16:06:20,145 - __main__ - INFO - Gradient Boosting - Melhores parâmetros: {'learning_rate': 0.1, 'max_depth': 3, 'n_estimators': 200}
2025-08-22 16:06:20,145 - __main__ - INFO - Treinando SVR...
2025-08-22 16:06:20,174 - __main__ - INFO - SVR - Melhores parâmetros: {'C': 1, 'gamma': 'scale', 'kernel': 'linear'}
2025-08-22 16:06:20,174 - __main__ - INFO - Treinamento concluído
2025-08-22 16:06:20,174 - __main__ - INFO - Avaliando performance dos modelos...
2025-08-22 16:06:20,175 - __main__ - INFO - Linear Regression - Test R²: 0.997, Test RMSE: 0.742
2025-08-22 16:06:20,228 - __main__ - INFO - Random Forest - Test R²: 0.850, Test RMSE: 4.937
2025-08-22 16:06:20,230 - __main__ - INFO - Gradient Boosting - Test R²: 0.892, Test RMSE: 4.183
2025-08-22 16:06:20,231 - __main__ - INFO - SVR - Test R²: 0.995, Test RMSE: 0.882
2025-08-22 16:06:20,231 - __main__ - INFO - Analisando importância das features...
2025-08-22 16:06:20,263 - __main__ - INFO - Análise de importância concluída
2025-08-22 16:06:20,263 - __main__ - INFO - Gerando relatório de predições...
2025-08-22 16:06:20,263 - __main__ - INFO - Relatório de predições salvo em: /Users/diegogo/Documents/Analises/Bees/results/ml_predictions_report.txt
2025-08-22 16:06:20,263 - __main__ - INFO - Salvando modelos treinados...
2025-08-22 16:06:20,316 - __main__ - INFO - Modelos salvos em: /Users/diegogo/Documents/Analises/Bees/results/models
2025-08-22 16:06:20,316 - __main__ - INFO - Pipeline de ML concluído
2025-08-22 16:11:49,597 - __main__ - INFO - Gerando relatório abrangente de migração
2025-08-22 16:11:49,598 - __main__ - INFO - Iniciando análise baseada no estudo da UFPR
2025-08-22 16:11:50,832 - __main__ - INFO - Gráfico de migração UFPR salvo em: /Users/diegogo/Documents/Analises/Bees/images/ufpr_migration_analysis.png
2025-08-22 16:11:50,832 - __main__ - INFO - Analisando insights do dataset Dryad
2025-08-22 16:11:50,832 - __main__ - INFO - Analisando impactos globais do aquecimento
2025-08-22 16:11:50,832 - __main__ - INFO - Relatório abrangente salvo em: /Users/diegogo/Documents/Analises/Bees/results/bee_migration_comprehensive_report.txt
2025-08-22 16:14:12,270 - __main__ - INFO - Dados processados carregados: 120 registros
2025-08-22 16:14:12,270 - __main__ - INFO - Comparando tendências de temperatura
2025-08-22 16:14:12,885 - __main__ - INFO - Análise comparativa de temperatura salva em: /Users/diegogo/Documents/Analises/Bees/images/comparative_temperature_analysis.png
2025-08-22 16:14:12,885 - __main__ - INFO - Analisando padrões de migração integrados
2025-08-22 16:14:12,899 - __main__ - ERROR - Erro na análise comparativa: x and y must have same first dimension, but have shapes (9,) and (10,)
2025-08-22 16:14:29,651 - __main__ - INFO - Dados processados carregados: 120 registros
2025-08-22 16:14:29,652 - __main__ - INFO - Comparando tendências de temperatura
2025-08-22 16:14:30,241 - __main__ - INFO - Análise comparativa de temperatura salva em: /Users/diegogo/Documents/Analises/Bees/images/comparative_temperature_analysis.png
2025-08-22 16:14:30,241 - __main__ - INFO - Analisando padrões de migração integrados
2025-08-22 16:14:30,772 - __main__ - INFO - Análise de padrões de migração salva em: /Users/diegogo/Documents/Analises/Bees/images/migration_patterns_synthesis.png
2025-08-22 16:14:30,772 - __main__ - INFO - Gerando relatório integrado
2025-08-22 16:14:30,773 - __main__ - INFO - Relatório integrado salvo em: /Users/diegogo/Documents/Analises/Bees/results/integrated_migration_report.txt
